{"timestamp":"2025-09-29T15:18:19.416Z","command":"echo","auth":"test-token-123","args":{"text":"Hello World"},"success":true}
{"timestamp":"2025-09-29T15:18:19.420Z","command":"help","auth":null,"args":{},"success":true}
{"timestamp":"2025-09-29T15:18:19.420Z","command":"create","auth":"test-token-456","args":{"db":"mydb","index":"users","key":"user1","value":"John Doe"},"success":false,"error":"Database not found"}
{"timestamp":"2025-09-29T15:20:43.122Z","command":"echo","auth":null,"args":{"text":"testing the echo to see if the logs work"},"success":true}
{"timestamp":"2025-09-29T15:20:49.032Z","command":"help","auth":null,"args":{},"success":true}
{"timestamp":"2025-09-29T15:20:58.014Z","command":"echo","auth":null,"args":{"text":"testing the echo to see if the logs work"},"success":true}
{"timestamp":"2025-09-29T15:21:27.679Z","command":"logs","auth":null,"args":{},"success":true}
{"timestamp":"2025-09-29T15:21:43.673Z","command":"logs","auth":null,"args":{"verbose":""},"success":true}
{"timestamp":"2025-09-29T15:21:48.243Z","command":"log","auth":null,"args":{},"success":false,"error":"Unknown process: log. Use 'help' for available processs."}
{"timestamp":"2025-09-29T15:21:49.655Z","command":"logs","auth":null,"args":{},"success":true}
{"timestamp":"2025-09-29T15:22:07.079Z","command":"echo","auth":null,"args":{},"success":false,"error":"Missing required arguments: text"}
{"timestamp":"2025-09-29T15:22:11.095Z","command":"logs","auth":null,"args":{},"success":true}
{"timestamp":"2025-09-29T15:22:19.384Z","command":"auth","auth":null,"args":{},"success":true}
{"timestamp":"2025-09-29T15:22:25.197Z","command":"auth","auth":null,"args":{"key":"testing-123"},"success":true}
{"timestamp":"2025-09-29T15:22:29.002Z","command":"echo","auth":"testing-123","args":{},"success":false,"error":"Missing required arguments: text"}
{"timestamp":"2025-09-29T15:22:31.457Z","command":"logs","auth":"testing-123","args":{},"success":true}
{"timestamp":"2025-09-29T15:23:22.578Z","command":"config","auth":"testing-123","args":{},"success":true}
{"timestamp":"2025-09-29T15:23:35.605Z","command":"logs","auth":"testing-123","args":{},"success":true}
{"timestamp":"2025-09-29T15:23:37.245Z","command":"clear","auth":"testing-123","args":{},"success":false,"error":"Unknown process: clear. Use 'help' for available processs."}
{"timestamp":"2025-09-29T15:23:41.775Z","command":"help","auth":"testing-123","args":{},"success":true}
{"timestamp":"2025-09-29T15:23:52.731Z","command":"echo","auth":"testing-123","args":{"text":"no?"},"success":true}
{"timestamp":"2025-09-29T15:26:48.182Z","command":"echo","auth":null,"args":{"text":"testing"},"success":true}
{"timestamp":"2025-09-29T15:30:27.892Z","command":"echo","auth":null,"args":{"text":"testing"},"success":true}
{"timestamp":"2025-09-29T15:30:35.570Z","command":"echo","auth":null,"args":{},"success":false,"error":"Error executing process 'echo': Error: Missing required arguments: text"}
{"timestamp":"2025-09-29T16:10:45.204Z","command":"echo","auth":null,"args":{},"success":false,"error":"Missing required arguments: text"}
{"timestamp":"2025-09-29T16:11:59.209Z","command":"echo","auth":null,"args":{},"success":false,"error":"Missing required arguments: text"}
{"timestamp":"2025-09-29T16:12:32.063Z","command":"echo","auth":null,"args":{},"success":false,"error":"Missing required arguments: text"}
{"timestamp":"2025-09-29T16:12:42.785Z","command":"echo","auth":null,"args":{"text":"testing"},"success":true}
{"timestamp":"2025-09-29T16:13:20.548Z","command":"echo","auth":null,"args":{},"success":false,"error":"Missing required arguments: text"}
{"timestamp":"2025-09-29T16:13:24.445Z","command":"echo","auth":null,"args":{"text":"testing"},"success":true}
{"timestamp":"2025-09-29T16:13:56.920Z","command":"echo","auth":null,"args":{"text":"testing"},"success":true}
{"timestamp":"2025-09-29T16:19:12.909Z","command":"echo","auth":null,"args":{"text":"testing"},"success":true}
{"timestamp":"2025-09-29T16:19:50.055Z","command":"echo","auth":null,"args":{},"success":false,"error":"Missing required arguments: text"}
{"timestamp":"2025-09-29T16:20:10.869Z","command":"echo","auth":null,"args":{},"success":false,"error":"Missing required arguments: text"}
{"timestamp":"2025-09-29T16:20:46.870Z","command":"echo","auth":null,"args":{},"success":false,"error":"Missing required arguments: text"}
