[2025-10-02T18:05:11.997Z] [NONE] {"timestamp":"2025-10-02T18:05:11.993Z","command":"help","args":{},"auth":null,"event":"CALL"}
[2025-10-02T18:05:51.363Z] [NONE] {"timestamp":"2025-10-02T18:05:51.363Z","command":"index-help","args":{},"auth":null,"event":"CALL"}
[2025-10-02T18:06:02.219Z] [NONE] {"timestamp":"2025-10-02T18:06:02.219Z","command":"help","args":{},"auth":null,"event":"CALL"}
[2025-10-02T18:06:24.961Z] [NONE] {"timestamp":"2025-10-02T18:06:24.961Z","command":"database-list","args":{},"auth":null,"event":"ERROR"}
[2025-10-02T18:06:40.290Z] [NONE] {"timestamp":"2025-10-02T18:06:40.289Z","command":"database-list","args":{"auth":"abc-123"},"auth":null,"event":"RESULT"}
[2025-10-02T18:16:53.679Z] [NONE] {"timestamp":"2025-10-02T18:16:53.678Z","command":"database-list","args":{},"auth":null,"event":"ERROR"}
[2025-10-02T18:16:58.526Z] [NONE] {"timestamp":"2025-10-02T18:16:58.526Z","command":"database-list","args":{"auth":"abc-123"},"auth":null,"event":"RESULT"}
[2025-10-02T18:17:10.049Z] [NONE] {"timestamp":"2025-10-02T18:17:10.048Z","command":"database-list","args":{"verbose":"","auth":"abc-123"},"auth":null,"event":"RESULT"}
[2025-10-02T18:22:14.597Z] [NONE] {"timestamp":"2025-10-02T18:22:14.597Z","command":"exit","args":{},"auth":null,"event":"CALL"}
[2025-10-02T18:40:49.345Z] [NONE] {"timestamp":"2025-10-02T18:40:49.342Z","command":"databases-list","args":{},"auth":null,"event":"ERROR"}
[2025-10-02T18:40:51.958Z] [NONE] {"timestamp":"2025-10-02T18:40:51.958Z","command":"database-list","args":{},"auth":null,"event":"RESULT"}
[2025-10-02T18:41:02.753Z] [NONE] {"timestamp":"2025-10-02T18:41:02.752Z","command":"help","args":{},"auth":null,"event":"CALL"}
[2025-10-02T18:44:09.941Z] [NONE] {"timestamp":"2025-10-02T18:44:09.941Z","command":"auth","args":{},"auth":null,"event":"RESULT"}
[2025-10-02T18:44:14.791Z] [NONE] {"timestamp":"2025-10-02T18:44:14.790Z","command":"database-list","args":{},"auth":null,"event":"RESULT"}
[2025-10-02T18:44:33.625Z] [NONE] {"timestamp":"2025-10-02T18:44:33.625Z","command":"help","args":{},"auth":null,"event":"CALL"}
[2025-10-02T18:44:38.723Z] [NONE] {"timestamp":"2025-10-02T18:44:38.722Z","command":"auth","args":{"status":true},"auth":null,"event":"RESULT"}
[2025-10-02T18:44:44.455Z] [NONE] {"timestamp":"2025-10-02T18:44:44.454Z","command":"auth","args":{"status":true},"auth":null,"event":"RESULT"}
[2025-10-02T18:44:53.779Z] [NONE] {"timestamp":"2025-10-02T18:44:53.779Z","command":"auth","args":{"key":"abc-123"},"auth":null,"event":"RESULT"}
[2025-10-02T18:45:08.355Z] [NONE] {"timestamp":"2025-10-02T18:45:08.354Z","command":"echo","args":{"text":"testing"},"auth":null,"event":"RESULT"}
[2025-10-02T18:45:11.240Z] [NONE] {"timestamp":"2025-10-02T18:45:11.240Z","command":"echo","args":{"text":"testing123"},"auth":null,"event":"RESULT"}
[2025-10-02T18:56:33.859Z] [NONE] {"timestamp":"2025-10-02T18:56:33.859Z","command":"database-list","args":{},"auth":null,"event":"RESULT"}
[2025-10-02T18:58:19.678Z] [NONE] {"timestamp":"2025-10-02T18:58:19.677Z","command":"auth","args":{},"auth":null,"event":"RESULT"}
[2025-10-02T18:58:59.478Z] [NONE] {"timestamp":"2025-10-02T18:58:59.477Z","command":"auth","args":{},"auth":null,"event":"RESULT"}
[2025-10-02T18:59:09.497Z] [NONE] {"timestamp":"2025-10-02T18:59:09.496Z","command":"auth","args":{"status":true},"auth":null,"event":"RESULT"}
[2025-10-02T18:59:23.286Z] [NONE] {"timestamp":"2025-10-02T18:59:23.286Z","command":"auth","args":{"close":true},"auth":null,"event":"RESULT"}
[2025-10-02T18:59:41.195Z] [NONE] {"timestamp":"2025-10-02T18:59:41.195Z","command":"auth","args":{"key":"abc-123"},"auth":null,"event":"RESULT"}
[2025-10-02T18:59:46.330Z] [NONE] {"timestamp":"2025-10-02T18:59:46.330Z","command":"database-list","args":{},"auth":"abc-123","event":"RESULT"}
[2025-10-02T19:08:23.642Z] [NONE] {"timestamp":"2025-10-02T19:08:23.641Z","command":"database-list","args":{},"auth":null,"event":"ERROR"}
[2025-10-02T19:09:24.391Z] [NONE] {"timestamp":"2025-10-02T19:09:24.388Z","command":"database-list","args":{},"auth":null,"event":"ERROR"}
[2025-10-02T19:09:39.075Z] [NONE] {"timestamp":"2025-10-02T19:09:39.075Z","command":"auth","args":{"key":"abc-123"},"auth":null,"event":"RESULT"}
[2025-10-02T19:09:43.807Z] [NONE] {"timestamp":"2025-10-02T19:09:43.806Z","command":"database-list","args":{"verbose":true},"auth":"abc-123","event":"RESULT"}
[2025-10-02T19:26:17.236Z] [NONE] {"timestamp":"2025-10-02T19:26:17.236Z","command":"auth","args":{},"auth":"abc-123","event":"RESULT"}
[2025-10-02T19:26:41.481Z] [NONE] {"timestamp":"2025-10-02T19:26:41.481Z","command":"database-list","args":{},"auth":"abc-123","event":"RESULT"}
[2025-10-02T19:27:05.471Z] [NONE] {"timestamp":"2025-10-02T19:27:05.470Z","command":"index-delete","args":{},"auth":"abc-123","event":"ERROR"}
[2025-10-02T19:30:47.512Z] [NONE] {"timestamp":"2025-10-02T19:30:47.511Z","command":"auth","args":{},"auth":null,"event":"RESULT"}
[2025-10-02T19:30:55.398Z] [NONE] {"timestamp":"2025-10-02T19:30:55.397Z","command":"index-delete","args":{},"auth":null,"event":"ERROR"}
[2025-10-02T19:35:59.090Z] [NONE] {"timestamp":"2025-10-02T19:35:59.088Z","command":"auth","args":{},"auth":null,"event":"RESULT"}
[2025-10-02T19:37:50.507Z] [NONE] {"timestamp":"2025-10-02T19:37:50.505Z","command":"auth","args":{},"auth":null,"event":"RESULT"}
[2025-10-02T19:38:53.062Z] [NONE] {"timestamp":"2025-10-02T19:38:53.059Z","command":"auth","args":{},"auth":null,"event":"ERROR"}
[2025-10-02T19:41:04.999Z] [NONE] {"timestamp":"2025-10-02T19:41:04.998Z","command":"exit","args":{},"auth":null,"event":"CALL"}
[2025-10-02T19:41:33.457Z] [NONE] {"timestamp":"2025-10-02T19:41:33.456Z","command":"help","args":{},"auth":null,"event":"CALL"}
[2025-10-02T19:41:43.566Z] [NONE] {"timestamp":"2025-10-02T19:41:43.565Z","command":"config","args":{},"auth":null,"event":"RESULT"}
[2025-10-02T19:42:34.658Z] [NONE] {"timestamp":"2025-10-02T19:42:34.658Z","command":"help","args":{},"auth":null,"event":"CALL"}
[2025-10-02T19:45:20.128Z] [NONE] {"timestamp":"2025-10-02T19:45:20.127Z","command":"help","args":{},"auth":null,"event":"CALL"}
[2025-10-02T19:52:29.670Z] [NONE] {"timestamp":"2025-10-02T19:52:29.669Z","command":"help","args":{},"auth":null,"event":"CALL"}
[2025-10-02T19:53:08.237Z] [NONE] {"timestamp":"2025-10-02T19:53:08.236Z","command":"config","args":{},"auth":null,"event":"RESULT"}
[2025-10-02T19:53:40.633Z] [NONE] {"timestamp":"2025-10-02T19:53:40.633Z","command":"config","args":{},"auth":null,"event":"RESULT"}
[2025-10-02T19:53:46.984Z] [NONE] {"timestamp":"2025-10-02T19:53:46.984Z","command":"config","args":{"key":"database"},"auth":null,"event":"RESULT"}
[2025-10-02T19:53:49.497Z] [NONE] {"timestamp":"2025-10-02T19:53:49.497Z","command":"config","args":{"key":"databases"},"auth":null,"event":"RESULT"}
[2025-10-03T14:24:06.420Z] [NONE] {"timestamp":"2025-10-03T14:24:06.417Z","command":"help","args":{},"auth":null,"event":"CALL"}
[2025-10-03T14:24:11.968Z] [NONE] {"timestamp":"2025-10-03T14:24:11.968Z","command":"config","args":{},"auth":null,"event":"RESULT"}
[2025-10-03T14:24:38.533Z] [NONE] {"timestamp":"2025-10-03T14:24:38.532Z","command":"config","args":{"j":true},"auth":null,"event":"RESULT"}
[2025-10-03T14:24:45.162Z] [NONE] {"timestamp":"2025-10-03T14:24:45.161Z","command":"help","args":{},"auth":null,"event":"CALL"}
[2025-10-03T14:24:54.041Z] [NONE] {"timestamp":"2025-10-03T14:24:54.041Z","command":"index-list","args":{},"auth":null,"event":"ERROR"}
[2025-10-03T14:25:09.924Z] [NONE] {"timestamp":"2025-10-03T14:25:09.924Z","command":"create","args":{},"auth":null,"event":"ERROR"}
[2025-10-03T14:36:25.582Z] [NONE] {"timestamp":"2025-10-03T14:36:25.579Z","command":"create","args":{},"auth":null,"event":"ERROR"}
[2025-10-03T14:36:42.089Z] [NONE] {"timestamp":"2025-10-03T14:36:42.087Z","command":"create","args":{},"auth":null,"event":"ERROR"}
[2025-10-03T19:04:54.196Z] [NONE] {"timestamp":"2025-10-03T19:04:54.194Z","command":"database-list","args":{},"auth":null,"event":"CALL"}
[2025-10-03T19:04:54.201Z] [NONE] {"timestamp":"2025-10-03T19:04:54.200Z","command":"database-list","args":{},"auth":null,"event":"ERROR"}
[2025-10-03T19:05:21.793Z] [NONE] {"timestamp":"2025-10-03T19:05:21.792Z","command":"auth","args":{"k":"abc-123"},"auth":null,"event":"CALL"}
[2025-10-03T19:05:21.796Z] [NONE] {"timestamp":"2025-10-03T19:05:21.796Z","command":"auth","args":{"key":"abc-123"},"auth":null,"event":"RESULT"}
[2025-10-03T19:05:23.473Z] [NONE] {"timestamp":"2025-10-03T19:05:23.473Z","command":"database-list","args":{},"auth":"abc-123","event":"CALL"}
[2025-10-03T19:05:23.476Z] [NONE] {"timestamp":"2025-10-03T19:05:23.475Z","command":"database-list","args":{},"auth":"abc-123","event":"RESULT"}
[2025-10-03T19:20:29.804Z] [NONE] {"timestamp":"2025-10-03T19:20:29.803Z","command":"database-list","args":{},"auth":null,"event":"CALL"}
[2025-10-03T19:20:29.807Z] [NONE] {"timestamp":"2025-10-03T19:20:29.807Z","command":"database-list","args":{},"auth":null,"event":"ERROR"}
[2025-10-03T19:34:29.115Z] [NONE] {"timestamp":"2025-10-03T19:34:29.114Z","command":"help","args":{},"auth":null,"event":"CALL"}
[2025-10-03T19:36:41.391Z] [NONE] {"timestamp":"2025-10-03T19:36:41.390Z","command":"help","args":{},"auth":null,"event":"CALL"}
[2025-10-03T19:42:41.675Z] [NONE] {"timestamp":"2025-10-03T19:42:41.675Z","command":"database-list","args":{},"auth":null,"event":"CALL"}
[2025-10-03T19:42:41.679Z] [NONE] {"timestamp":"2025-10-03T19:42:41.679Z","command":"database-list","args":{},"auth":null,"event":"ERROR"}
[2025-10-03T19:42:49.433Z] [NONE] {"timestamp":"2025-10-03T19:42:49.433Z","command":"auth","args":{"k":"abc-123"},"auth":null,"event":"CALL"}
[2025-10-03T19:42:49.436Z] [NONE] {"timestamp":"2025-10-03T19:42:49.436Z","command":"auth","args":{"key":"abc-123"},"auth":null,"event":"RESULT"}
[2025-10-03T19:42:53.140Z] [NONE] {"timestamp":"2025-10-03T19:42:53.140Z","command":"database-list","args":{},"auth":"abc-123","event":"CALL"}
[2025-10-03T19:42:53.141Z] [NONE] {"timestamp":"2025-10-03T19:42:53.141Z","command":"database-list","args":{},"auth":"abc-123","event":"RESULT"}
[2025-10-03T19:43:35.682Z] [NONE] {"timestamp":"2025-10-03T19:43:35.682Z","command":"config","args":{},"auth":"abc-123","event":"CALL"}
[2025-10-03T19:43:35.684Z] [NONE] {"timestamp":"2025-10-03T19:43:35.684Z","command":"config","args":{},"auth":"abc-123","event":"RESULT"}
[2025-10-03T19:52:15.509Z] [NONE] {"timestamp":"2025-10-03T19:52:15.508Z","command":"create","args":{},"auth":null,"event":"CALL"}
[2025-10-03T19:52:15.515Z] [NONE] {"timestamp":"2025-10-03T19:52:15.514Z","command":"create","args":{},"auth":null,"event":"ERROR"}
[2025-10-03T19:52:25.528Z] [NONE] {"timestamp":"2025-10-03T19:52:25.528Z","command":"create","args":{"d":"main"},"auth":null,"event":"CALL"}
[2025-10-03T19:52:25.530Z] [NONE] {"timestamp":"2025-10-03T19:52:25.530Z","command":"create","args":{"db":"main"},"auth":null,"event":"ERROR"}
[2025-10-03T19:52:52.171Z] [NONE] {"timestamp":"2025-10-03T19:52:52.171Z","command":"create","args":{"d":"main","i":"primary","k":"test","v":"abc123"},"auth":null,"event":"CALL"}
[2025-10-03T19:52:52.173Z] [NONE] {"timestamp":"2025-10-03T19:52:52.173Z","command":"create","args":{"db":"main","index":"primary","key":"test","value":"abc123"},"auth":null,"event":"ERROR"}
[2025-10-03T19:52:57.068Z] [NONE] {"timestamp":"2025-10-03T19:52:57.068Z","command":"auth","args":{"k":"abc-123"},"auth":null,"event":"CALL"}
[2025-10-03T19:52:57.070Z] [NONE] {"timestamp":"2025-10-03T19:52:57.070Z","command":"auth","args":{"key":"abc-123"},"auth":null,"event":"RESULT"}
[2025-10-03T19:52:58.364Z] [NONE] {"timestamp":"2025-10-03T19:52:58.364Z","command":"create","args":{"d":"main","i":"primary","k":"test","v":"abc123"},"auth":"abc-123","event":"CALL"}
[2025-10-03T19:52:58.365Z] [NONE] {"timestamp":"2025-10-03T19:52:58.365Z","command":"create","args":{"db":"main","index":"primary","key":"test","value":"abc123"},"auth":"abc-123","event":"RESULT"}
[2025-10-03T19:53:09.333Z] [NONE] {"timestamp":"2025-10-03T19:53:09.333Z","command":"create","args":{"d":"mai","i":"primary","k":"test","v":"abc123"},"auth":"abc-123","event":"CALL"}
[2025-10-03T19:53:09.334Z] [NONE] {"timestamp":"2025-10-03T19:53:09.334Z","command":"create","args":{"db":"mai","index":"primary","key":"test","value":"abc123"},"auth":"abc-123","event":"RESULT"}
[2025-10-03T19:53:15.191Z] [NONE] {"timestamp":"2025-10-03T19:53:15.191Z","command":"create","args":{"d":"main","i":"primary","k":"test","v":"abc123"},"auth":"abc-123","event":"CALL"}
[2025-10-03T19:53:15.192Z] [NONE] {"timestamp":"2025-10-03T19:53:15.192Z","command":"create","args":{"db":"main","index":"primary","key":"test","value":"abc123"},"auth":"abc-123","event":"RESULT"}
[2025-10-03T22:56:33.702Z] [NONE] {"timestamp":"2025-10-03T22:56:33.701Z","command":"create","args":{},"auth":null,"event":"CALL"}
[2025-10-03T22:56:33.707Z] [NONE] {"timestamp":"2025-10-03T22:56:33.707Z","command":"create","args":{},"auth":null,"event":"ERROR"}
[2025-10-03T22:58:06.284Z] [NONE] {"timestamp":"2025-10-03T22:58:06.284Z","command":"create","args":{"d":"main","i":"primary","k":"test","v":"abc123"},"auth":null,"event":"CALL"}
[2025-10-03T22:58:06.286Z] [NONE] {"timestamp":"2025-10-03T22:58:06.286Z","command":"create","args":{"db":"main","index":"primary","key":"test","value":"abc123"},"auth":null,"event":"ERROR"}
[2025-10-03T22:58:13.121Z] [NONE] {"timestamp":"2025-10-03T22:58:13.121Z","command":"auth","args":{"k":"abc-123"},"auth":null,"event":"CALL"}
[2025-10-03T22:58:13.123Z] [NONE] {"timestamp":"2025-10-03T22:58:13.123Z","command":"auth","args":{"key":"abc-123"},"auth":null,"event":"RESULT"}
[2025-10-03T22:58:15.522Z] [NONE] {"timestamp":"2025-10-03T22:58:15.521Z","command":"create","args":{"d":"main","i":"primary","k":"test","v":"abc123"},"auth":"abc-123","event":"CALL"}
[2025-10-03T22:58:15.525Z] [NONE] {"timestamp":"2025-10-03T22:58:15.524Z","command":"create","args":{"db":"main","index":"primary","key":"test","value":"abc123"},"auth":"abc-123","event":"ERROR"}
[2025-10-03T22:59:32.992Z] [NONE] {"timestamp":"2025-10-03T22:59:32.991Z","command":"auth","args":{"k":"abc-123"},"auth":null,"event":"CALL"}
[2025-10-03T22:59:32.996Z] [NONE] {"timestamp":"2025-10-03T22:59:32.994Z","command":"auth","args":{"key":"abc-123"},"auth":null,"event":"RESULT"}
[2025-10-03T22:59:34.007Z] [NONE] {"timestamp":"2025-10-03T22:59:34.007Z","command":"create","args":{"d":"main","i":"primary","k":"test","v":"abc123"},"auth":"abc-123","event":"CALL"}
[2025-10-03T22:59:34.011Z] [NONE] {"timestamp":"2025-10-03T22:59:34.011Z","command":"create","args":{"db":"main","index":"primary","key":"test","value":"abc123"},"auth":"abc-123","event":"RESULT"}
[2025-10-03T23:06:14.647Z] [NONE] {"timestamp":"2025-10-03T23:06:14.646Z","command":"auth","args":{"k":"abc-123"},"auth":null,"event":"CALL"}
[2025-10-03T23:06:14.652Z] [NONE] {"timestamp":"2025-10-03T23:06:14.650Z","command":"auth","args":{"key":"abc-123"},"auth":null,"event":"RESULT"}
[2025-10-03T23:06:15.776Z] [NONE] {"timestamp":"2025-10-03T23:06:15.776Z","command":"create","args":{"d":"main","i":"primary","k":"test","v":"abc123"},"auth":"abc-123","event":"CALL"}
[2025-10-03T23:06:15.780Z] [NONE] {"timestamp":"2025-10-03T23:06:15.780Z","command":"create","args":{"db":"main","index":"primary","key":"test","value":"abc123"},"auth":"abc-123","event":"ERROR"}
[2025-10-03T23:08:01.814Z] [NONE] {"timestamp":"2025-10-03T23:08:01.813Z","command":"auth","args":{"k":"abc-123"},"auth":null,"event":"CALL"}
[2025-10-03T23:08:01.818Z] [NONE] {"timestamp":"2025-10-03T23:08:01.817Z","command":"auth","args":{"key":"abc-123"},"auth":null,"event":"RESULT"}
[2025-10-03T23:08:03.028Z] [NONE] {"timestamp":"2025-10-03T23:08:03.028Z","command":"create","args":{"d":"main","i":"primary","k":"test","v":"abc123"},"auth":"abc-123","event":"CALL"}
[2025-10-03T23:08:03.031Z] [NONE] {"timestamp":"2025-10-03T23:08:03.030Z","command":"create","args":{"db":"main","index":"primary","key":"test","value":"abc123"},"auth":"abc-123","event":"RESULT"}
[2025-10-03T23:09:08.115Z] [NONE] {"timestamp":"2025-10-03T23:09:08.115Z","command":"create","args":{"d":"main","i":"bad-index","k":"test","v":"abc123"},"auth":"abc-123","event":"CALL"}
[2025-10-03T23:09:08.118Z] [NONE] {"timestamp":"2025-10-03T23:09:08.117Z","command":"create","args":{"db":"main","index":"bad-index","key":"test","value":"abc123"},"auth":"abc-123","event":"RESULT"}
[2025-10-03T23:10:05.810Z] [NONE] {"timestamp":"2025-10-03T23:10:05.809Z","command":"auth","args":{"k":"abc-123"},"auth":null,"event":"CALL"}
[2025-10-03T23:10:05.814Z] [NONE] {"timestamp":"2025-10-03T23:10:05.813Z","command":"auth","args":{"key":"abc-123"},"auth":null,"event":"RESULT"}
[2025-10-03T23:10:07.502Z] [NONE] {"timestamp":"2025-10-03T23:10:07.502Z","command":"create","args":{"d":"main","i":"primary","k":"test","v":"abc123"},"auth":"abc-123","event":"CALL"}
[2025-10-03T23:10:07.505Z] [NONE] {"timestamp":"2025-10-03T23:10:07.505Z","command":"create","args":{"db":"main","index":"primary","key":"test","value":"abc123"},"auth":"abc-123","event":"RESULT"}
[2025-10-03T23:16:06.309Z] [NONE] {"timestamp":"2025-10-03T23:16:06.309Z","command":"auth","args":{"k":"abc-123"},"auth":null,"event":"CALL"}
[2025-10-03T23:16:06.313Z] [NONE] {"timestamp":"2025-10-03T23:16:06.312Z","command":"auth","args":{"key":"abc-123"},"auth":null,"event":"RESULT"}
[2025-10-03T23:16:08.725Z] [NONE] {"timestamp":"2025-10-03T23:16:08.724Z","command":"create","args":{"d":"main","i":"primary","k":"test","v":"abc123"},"auth":"abc-123","event":"CALL"}
[2025-10-03T23:16:08.734Z] [NONE] {"timestamp":"2025-10-03T23:16:08.734Z","command":"create","args":{"db":"main","index":"primary","key":"test","value":"abc123"},"auth":"abc-123","event":"ERROR"}
[2025-10-03T23:20:44.471Z] [NONE] {"timestamp":"2025-10-03T23:20:44.471Z","command":"auth","args":{"k":"abc-123"},"auth":null,"event":"CALL"}
[2025-10-03T23:20:44.476Z] [NONE] {"timestamp":"2025-10-03T23:20:44.474Z","command":"auth","args":{"key":"abc-123"},"auth":null,"event":"RESULT"}
[2025-10-03T23:20:54.987Z] [NONE] {"timestamp":"2025-10-03T23:20:54.987Z","command":"create","args":{"d":"main","i":"primary","k":"test","v":"abc123"},"auth":"abc-123","event":"CALL"}
[2025-10-03T23:20:54.993Z] [NONE] {"timestamp":"2025-10-03T23:20:54.992Z","command":"create","args":{"db":"main","index":"primary","key":"test","value":"abc123"},"auth":"abc-123","event":"RESULT"}
[2025-10-04T00:41:54.271Z] [NONE] {"timestamp":"2025-10-04T00:41:54.270Z","command":"auth","args":{"k":"abc-123"},"auth":null,"event":"CALL"}
[2025-10-04T00:41:54.275Z] [NONE] {"timestamp":"2025-10-04T00:41:54.274Z","command":"auth","args":{"key":"abc-123"},"auth":null,"event":"RESULT"}
[2025-10-04T00:41:56.479Z] [NONE] {"timestamp":"2025-10-04T00:41:56.479Z","command":"create","args":{"d":"main","i":"primary","k":"test","v":"abc123"},"auth":"abc-123","event":"CALL"}
[2025-10-04T00:41:56.482Z] [NONE] {"timestamp":"2025-10-04T00:41:56.482Z","command":"create","args":{"db":"main","index":"primary","key":"test","value":"abc123"},"auth":"abc-123","event":"RESULT"}
[2025-10-04T00:42:07.421Z] [NONE] {"timestamp":"2025-10-04T00:42:07.421Z","command":"create","args":{"d":"main","i":"primary","k":"test","v":"abc123","u":true},"auth":"abc-123","event":"CALL"}
[2025-10-04T00:42:07.423Z] [NONE] {"timestamp":"2025-10-04T00:42:07.423Z","command":"create","args":{"db":"main","index":"primary","key":"test","value":"abc123","upsert":true},"auth":"abc-123","event":"RESULT"}
[2025-10-04T00:42:13.484Z] [NONE] {"timestamp":"2025-10-04T00:42:13.484Z","command":"create","args":{},"auth":"abc-123","event":"CALL"}
[2025-10-04T00:42:13.487Z] [NONE] {"timestamp":"2025-10-04T00:42:13.487Z","command":"create","args":{},"auth":"abc-123","event":"ERROR"}
[2025-10-04T00:42:21.785Z] [NONE] {"timestamp":"2025-10-04T00:42:21.784Z","command":"create","args":{"d":"main","i":"primary","k":"test","v":"abc123","upsert":true},"auth":"abc-123","event":"CALL"}
[2025-10-04T00:42:21.786Z] [NONE] {"timestamp":"2025-10-04T00:42:21.786Z","command":"create","args":{"upsert":true,"db":"main","index":"primary","key":"test","value":"abc123"},"auth":"abc-123","event":"RESULT"}
[2025-10-04T00:42:53.727Z] [NONE] {"timestamp":"2025-10-04T00:42:53.727Z","command":"auth","args":{"k":"abc-123"},"auth":null,"event":"CALL"}
[2025-10-04T00:42:53.731Z] [NONE] {"timestamp":"2025-10-04T00:42:53.730Z","command":"auth","args":{"key":"abc-123"},"auth":null,"event":"RESULT"}
[2025-10-04T00:42:55.434Z] [NONE] {"timestamp":"2025-10-04T00:42:55.434Z","command":"create","args":{"d":"main","i":"primary","k":"test","v":"abc123","upsert":true},"auth":"abc-123","event":"CALL"}
[2025-10-04T00:42:55.440Z] [NONE] {"timestamp":"2025-10-04T00:42:55.440Z","command":"create","args":{"upsert":true,"db":"main","index":"primary","key":"test","value":"abc123"},"auth":"abc-123","event":"RESULT"}
[2025-10-04T00:43:35.884Z] [NONE] {"timestamp":"2025-10-04T00:43:35.883Z","command":"create","args":{"d":"main","i":"primary","k":"test","v":"abc123","upsert":true},"auth":null,"event":"CALL"}
[2025-10-04T00:43:35.886Z] [NONE] {"timestamp":"2025-10-04T00:43:35.886Z","command":"create","args":{"upsert":true,"db":"main","index":"primary","key":"test","value":"abc123"},"auth":null,"event":"ERROR"}
[2025-10-04T00:43:40.232Z] [NONE] {"timestamp":"2025-10-04T00:43:40.232Z","command":"auth","args":{"k":"abc-123"},"auth":null,"event":"CALL"}
[2025-10-04T00:43:40.234Z] [NONE] {"timestamp":"2025-10-04T00:43:40.234Z","command":"auth","args":{"key":"abc-123"},"auth":null,"event":"RESULT"}
[2025-10-04T00:43:41.774Z] [NONE] {"timestamp":"2025-10-04T00:43:41.774Z","command":"create","args":{"d":"main","i":"primary","k":"test","v":"abc123","upsert":true},"auth":"abc-123","event":"CALL"}
[2025-10-04T00:43:41.780Z] [NONE] {"timestamp":"2025-10-04T00:43:41.780Z","command":"create","args":{"upsert":true,"db":"main","index":"primary","key":"test","value":"abc123"},"auth":"abc-123","event":"RESULT"}
[2025-10-04T00:55:26.424Z] [NONE] {"timestamp":"2025-10-04T00:55:26.423Z","command":"auth","args":{"k":"abc-123"},"auth":null,"event":"CALL"}
[2025-10-04T00:55:26.429Z] [NONE] {"timestamp":"2025-10-04T00:55:26.427Z","command":"auth","args":{"key":"abc-123"},"auth":null,"event":"RESULT"}
[2025-10-04T00:55:29.078Z] [NONE] {"timestamp":"2025-10-04T00:55:29.078Z","command":"create","args":{"d":"main","i":"primary","k":"test","v":"abc123","upsert":true},"auth":"abc-123","event":"CALL"}
[2025-10-04T00:55:29.084Z] [NONE] {"timestamp":"2025-10-04T00:55:29.084Z","command":"create","args":{"upsert":true,"db":"main","index":"primary","key":"test","value":"abc123"},"auth":"abc-123","event":"RESULT"}
[2025-10-04T00:56:12.665Z] [NONE] {"timestamp":"2025-10-04T00:56:12.664Z","command":"auth","args":{"k":"abc-123"},"auth":null,"event":"CALL"}
[2025-10-04T00:56:12.669Z] [NONE] {"timestamp":"2025-10-04T00:56:12.668Z","command":"auth","args":{"key":"abc-123"},"auth":null,"event":"RESULT"}
[2025-10-04T00:56:13.888Z] [NONE] {"timestamp":"2025-10-04T00:56:13.888Z","command":"create","args":{"d":"main","i":"primary","k":"test","v":"abc123","upsert":true},"auth":"abc-123","event":"CALL"}
[2025-10-04T00:56:13.893Z] [NONE] {"timestamp":"2025-10-04T00:56:13.893Z","command":"create","args":{"upsert":true,"db":"main","index":"primary","key":"test","value":"abc123"},"auth":"abc-123","event":"RESULT"}
[2025-10-04T00:56:29.579Z] [NONE] {"timestamp":"2025-10-04T00:56:29.579Z","command":"create","args":{"d":"main","i":"primary","k":"test","v":"{name:\"abc123\"}","upsert":true},"auth":"abc-123","event":"CALL"}
[2025-10-04T00:56:29.582Z] [NONE] {"timestamp":"2025-10-04T00:56:29.582Z","command":"create","args":{"upsert":true,"db":"main","index":"primary","key":"test","value":"{name:\"abc123\"}"},"auth":"abc-123","event":"RESULT"}
[2025-10-04T01:06:38.364Z] [NONE] {"timestamp":"2025-10-04T01:06:38.363Z","command":"auth","args":{"k":"abc-123"},"auth":null,"event":"CALL"}
[2025-10-04T01:06:38.367Z] [NONE] {"timestamp":"2025-10-04T01:06:38.367Z","command":"auth","args":{"key":"abc-123"},"auth":null,"event":"RESULT"}
[2025-10-04T01:06:42.030Z] [NONE] {"timestamp":"2025-10-04T01:06:42.030Z","command":"create","args":{"d":"main","i":"primary","k":"test","v":"{name:\"abc123\"}","upsert":true},"auth":"abc-123","event":"CALL"}
[2025-10-04T01:06:42.040Z] [NONE] {"timestamp":"2025-10-04T01:06:42.039Z","command":"create","args":{"upsert":true,"db":"main","index":"primary","key":"test","value":"{name:\"abc123\"}"},"auth":"abc-123","event":"RESULT"}
[2025-10-04T01:08:28.593Z] [NONE] {"timestamp":"2025-10-04T01:08:28.593Z","command":"auth","args":{"k":"abc-123"},"auth":null,"event":"CALL"}
[2025-10-04T01:08:28.597Z] [NONE] {"timestamp":"2025-10-04T01:08:28.596Z","command":"auth","args":{"key":"abc-123"},"auth":null,"event":"RESULT"}
[2025-10-04T01:08:29.667Z] [NONE] {"timestamp":"2025-10-04T01:08:29.666Z","command":"create","args":{"d":"main","i":"primary","k":"test","v":"{name:\"abc123\"}","upsert":true},"auth":"abc-123","event":"CALL"}
[2025-10-04T01:08:29.676Z] [NONE] {"timestamp":"2025-10-04T01:08:29.676Z","command":"create","args":{"upsert":true,"db":"main","index":"primary","key":"test","value":"{name:\"abc123\"}"},"auth":"abc-123","event":"RESULT"}
[2025-10-04T01:10:50.678Z] [NONE] {"timestamp":"2025-10-04T01:10:50.678Z","command":"auth","args":{"k":"abc-123"},"auth":null,"event":"CALL"}
[2025-10-04T01:10:50.681Z] [NONE] {"timestamp":"2025-10-04T01:10:50.681Z","command":"auth","args":{"key":"abc-123"},"auth":null,"event":"RESULT"}
[2025-10-04T01:10:51.999Z] [NONE] {"timestamp":"2025-10-04T01:10:51.999Z","command":"create","args":{"d":"main","i":"primary","k":"test","v":"{name:\"abc123\"}","upsert":true},"auth":"abc-123","event":"CALL"}
[2025-10-04T01:10:52.012Z] [NONE] {"timestamp":"2025-10-04T01:10:52.012Z","command":"create","args":{"upsert":true,"db":"main","index":"primary","key":"test","value":"{name:\"abc123\"}"},"auth":"abc-123","event":"RESULT"}
[2025-10-04T01:11:39.782Z] [NONE] {"timestamp":"2025-10-04T01:11:39.781Z","command":"auth","args":{"k":"abc-123"},"auth":null,"event":"CALL"}
[2025-10-04T01:11:39.786Z] [NONE] {"timestamp":"2025-10-04T01:11:39.786Z","command":"auth","args":{"key":"abc-123"},"auth":null,"event":"RESULT"}
[2025-10-04T01:11:40.931Z] [NONE] {"timestamp":"2025-10-04T01:11:40.931Z","command":"create","args":{"d":"main","i":"primary","k":"test","v":"{name:\"abc123\"}","upsert":true},"auth":"abc-123","event":"CALL"}
[2025-10-04T01:11:40.936Z] [NONE] {"timestamp":"2025-10-04T01:11:40.936Z","command":"create","args":{"upsert":true,"db":"main","index":"primary","key":"test","value":"{name:\"abc123\"}"},"auth":"abc-123","event":"RESULT"}
[2025-10-04T01:12:28.156Z] [NONE] {"timestamp":"2025-10-04T01:12:28.155Z","command":"create","args":{"d":"main","i":"primary","k":"test","v":"{name:\"john\"}","upsert":true},"auth":"abc-123","event":"CALL"}
[2025-10-04T01:12:28.161Z] [NONE] {"timestamp":"2025-10-04T01:12:28.161Z","command":"create","args":{"upsert":true,"db":"main","index":"primary","key":"test","value":"{name:\"john\"}"},"auth":"abc-123","event":"RESULT"}
[2025-10-04T01:13:07.682Z] [NONE] {"timestamp":"2025-10-04T01:13:07.682Z","command":"auth","args":{"k":"def-456"},"auth":"abc-123","event":"CALL"}
[2025-10-04T01:13:07.684Z] [NONE] {"timestamp":"2025-10-04T01:13:07.683Z","command":"auth","args":{"key":"def-456"},"auth":"abc-123","event":"RESULT"}
[2025-10-04T01:16:20.972Z] [NONE] {"timestamp":"2025-10-04T01:16:20.971Z","command":"auth","args":{"k":"def-456"},"auth":null,"event":"CALL"}
[2025-10-04T01:16:20.975Z] [NONE] {"timestamp":"2025-10-04T01:16:20.975Z","command":"auth","args":{"key":"def-456"},"auth":null,"event":"RESULT"}
[2025-10-04T01:16:23.640Z] [NONE] {"timestamp":"2025-10-04T01:16:23.640Z","command":"create","args":{"d":"main","i":"primary","k":"test","v":"{name:\"john\"}","upsert":true},"auth":"def-456","event":"CALL"}
[2025-10-04T01:16:23.649Z] [NONE] {"timestamp":"2025-10-04T01:16:23.648Z","command":"create","args":{"upsert":true,"db":"main","index":"primary","key":"test","value":"{name:\"john\"}"},"auth":"def-456","event":"RESULT"}
[2025-10-04T01:17:54.801Z] [NONE] {"timestamp":"2025-10-04T01:17:54.800Z","command":"create","args":{"d":"main","i":"primary","k":"test","v":"{name:\"john\"}","upsert":true},"auth":null,"event":"CALL"}
[2025-10-04T01:17:54.805Z] [NONE] {"timestamp":"2025-10-04T01:17:54.805Z","command":"create","args":{"upsert":true,"db":"main","index":"primary","key":"test","value":"{name:\"john\"}"},"auth":null,"event":"ERROR"}
[2025-10-04T01:17:56.918Z] [NONE] {"timestamp":"2025-10-04T01:17:56.917Z","command":"auth","args":{"k":"def-456"},"auth":null,"event":"CALL"}
[2025-10-04T01:17:56.920Z] [NONE] {"timestamp":"2025-10-04T01:17:56.920Z","command":"auth","args":{"key":"def-456"},"auth":null,"event":"RESULT"}
[2025-10-04T01:17:58.099Z] [NONE] {"timestamp":"2025-10-04T01:17:58.099Z","command":"create","args":{"d":"main","i":"primary","k":"test","v":"{name:\"john\"}","upsert":true},"auth":"def-456","event":"CALL"}
[2025-10-04T01:17:58.103Z] [NONE] {"timestamp":"2025-10-04T01:17:58.103Z","command":"create","args":{"upsert":true,"db":"main","index":"primary","key":"test","value":"{name:\"john\"}"},"auth":"def-456","event":"RESULT"}
[2025-10-04T01:18:04.500Z] [NONE] {"timestamp":"2025-10-04T01:18:04.500Z","command":"create","args":{"d":"main","i":"primary","k":"test-2","v":"{name:\"john\"}","upsert":true},"auth":"def-456","event":"CALL"}
[2025-10-04T01:18:04.505Z] [NONE] {"timestamp":"2025-10-04T01:18:04.505Z","command":"create","args":{"upsert":true,"db":"main","index":"primary","key":"test-2","value":"{name:\"john\"}"},"auth":"def-456","event":"RESULT"}
[2025-10-04T01:20:11.404Z] [NONE] {"timestamp":"2025-10-04T01:20:11.404Z","command":"auth","args":{"k":"abc-123"},"auth":"def-456","event":"CALL"}
[2025-10-04T01:20:11.406Z] [NONE] {"timestamp":"2025-10-04T01:20:11.405Z","command":"auth","args":{"key":"abc-123"},"auth":"def-456","event":"RESULT"}
[2025-10-04T01:20:13.938Z] [NONE] {"timestamp":"2025-10-04T01:20:13.938Z","command":"create","args":{"d":"main","i":"primary","k":"test-2","v":"{name:\"john\"}","upsert":true},"auth":"abc-123","event":"CALL"}
[2025-10-04T01:20:13.941Z] [NONE] {"timestamp":"2025-10-04T01:20:13.941Z","command":"create","args":{"upsert":true,"db":"main","index":"primary","key":"test-2","value":"{name:\"john\"}"},"auth":"abc-123","event":"RESULT"}
[2025-10-04T01:20:17.640Z] [NONE] {"timestamp":"2025-10-04T01:20:17.640Z","command":"create","args":{"d":"main","i":"primary","k":"test","v":"{name:\"john\"}","upsert":true},"auth":"abc-123","event":"CALL"}
[2025-10-04T01:20:17.644Z] [NONE] {"timestamp":"2025-10-04T01:20:17.644Z","command":"create","args":{"upsert":true,"db":"main","index":"primary","key":"test","value":"{name:\"john\"}"},"auth":"abc-123","event":"RESULT"}
[2025-10-04T01:20:52.658Z] [NONE] {"timestamp":"2025-10-04T01:20:52.658Z","command":"create","args":{"d":"main","i":"primary","k":"test","v":"{name:\"john\",auths:[def-456]}","upsert":true},"auth":"abc-123","event":"CALL"}
[2025-10-04T01:20:52.661Z] [NONE] {"timestamp":"2025-10-04T01:20:52.661Z","command":"create","args":{"upsert":true,"db":"main","index":"primary","key":"test","value":"{name:\"john\",auths:[def-456]}"},"auth":"abc-123","event":"RESULT"}
[2025-10-04T01:21:15.962Z] [NONE] {"timestamp":"2025-10-04T01:21:15.962Z","command":"create","args":{"d":"main","i":"primary","k":"test","v":"{name:\"john\",auths:[\"def-456\"]}","upsert":true},"auth":"abc-123","event":"CALL"}
[2025-10-04T01:21:15.965Z] [NONE] {"timestamp":"2025-10-04T01:21:15.964Z","command":"create","args":{"upsert":true,"db":"main","index":"primary","key":"test","value":"{name:\"john\",auths:[\"def-456\"]}"},"auth":"abc-123","event":"RESULT"}
[2025-10-04T01:21:24.492Z] [NONE] {"timestamp":"2025-10-04T01:21:24.491Z","command":"create","args":{"d":"main","i":"primary","k":"test","v":"{name:\"john\"}","upsert":true},"auth":"abc-123","event":"CALL"}
[2025-10-04T01:21:24.495Z] [NONE] {"timestamp":"2025-10-04T01:21:24.495Z","command":"create","args":{"upsert":true,"db":"main","index":"primary","key":"test","value":"{name:\"john\"}"},"auth":"abc-123","event":"RESULT"}
[2025-10-04T01:43:43.406Z] [NONE] {"timestamp":"2025-10-04T01:43:43.406Z","command":"auth","args":{"k":"abc-123"},"auth":null,"event":"CALL"}
[2025-10-04T01:43:43.410Z] [NONE] {"timestamp":"2025-10-04T01:43:43.410Z","command":"auth","args":{"key":"abc-123"},"auth":null,"event":"RESULT"}
[2025-10-04T01:43:46.715Z] [NONE] {"timestamp":"2025-10-04T01:43:46.715Z","command":"create","args":{"d":"main","i":"primary","k":"test","v":"{name:\"john\"}","upsert":true},"auth":"abc-123","event":"CALL"}
[2025-10-04T01:43:46.719Z] [NONE] {"timestamp":"2025-10-04T01:43:46.718Z","command":"create","args":{"upsert":true,"db":"main","index":"primary","key":"test","value":"{name:\"john\"}"},"auth":"abc-123","event":"RESULT"}
[2025-10-04T01:44:03.147Z] [NONE] {"timestamp":"2025-10-04T01:44:03.146Z","command":"auth","args":{"k":"abc-123"},"auth":null,"event":"CALL"}
[2025-10-04T01:44:03.150Z] [NONE] {"timestamp":"2025-10-04T01:44:03.150Z","command":"auth","args":{"key":"abc-123"},"auth":null,"event":"RESULT"}
[2025-10-04T01:44:04.358Z] [NONE] {"timestamp":"2025-10-04T01:44:04.358Z","command":"create","args":{"d":"main","i":"primary","k":"test","v":"{name:\"john\"}","upsert":true},"auth":"abc-123","event":"CALL"}
[2025-10-04T01:44:04.367Z] [NONE] {"timestamp":"2025-10-04T01:44:04.366Z","command":"create","args":{"upsert":true,"db":"main","index":"primary","key":"test","value":"{name:\"john\"}"},"auth":"abc-123","event":"RESULT"}
[2025-10-04T03:44:41.864Z] [NONE] {"timestamp":"2025-10-04T03:44:41.863Z","command":"auth","args":{"k":"abc-123"},"auth":null,"event":"CALL"}
[2025-10-04T03:44:41.867Z] [NONE] {"timestamp":"2025-10-04T03:44:41.867Z","command":"auth","args":{"key":"abc-123"},"auth":null,"event":"RESULT"}
[2025-10-04T03:44:45.007Z] [NONE] {"timestamp":"2025-10-04T03:44:45.007Z","command":"create","args":{"d":"main","i":"primary","k":"test","v":"{name:\"john\"}","upsert":true},"auth":"abc-123","event":"CALL"}
[2025-10-04T03:44:45.015Z] [NONE] {"timestamp":"2025-10-04T03:44:45.015Z","command":"create","args":{"upsert":true,"db":"main","index":"primary","key":"test","value":"{name:\"john\"}"},"auth":"abc-123","event":"RESULT"}
[2025-10-04T03:45:23.983Z] [NONE] {"timestamp":"2025-10-04T03:45:23.983Z","command":"create","args":{"d":"main","i":"primary","k":"test","v":"{name:\"john\"}","upsert":true},"auth":"abc-123","event":"CALL"}
[2025-10-04T03:45:23.988Z] [NONE] {"timestamp":"2025-10-04T03:45:23.988Z","command":"create","args":{"upsert":true,"db":"main","index":"primary","key":"test","value":"{name:\"john\"}"},"auth":"abc-123","event":"RESULT"}
